[debug] [2019-12-17T07:47:34.300Z] ----------------------------------------------------------------------
[debug] [2019-12-17T07:47:34.302Z] Command:       /home/aviox/.nvm/versions/node/v12.13.0/bin/node /home/aviox/.nvm/versions/node/v12.13.0/bin/firebase deploy
[debug] [2019-12-17T07:47:34.302Z] CLI Version:   7.10.0
[debug] [2019-12-17T07:47:34.302Z] Platform:      linux
[debug] [2019-12-17T07:47:34.303Z] Node Version:  v12.13.0
[debug] [2019-12-17T07:47:34.329Z] Time:          Tue Dec 17 2019 13:17:34 GMT+0530 (India Standard Time)
[debug] [2019-12-17T07:47:34.329Z] ----------------------------------------------------------------------
[debug] [2019-12-17T07:47:34.329Z] 
[debug] [2019-12-17T07:47:34.510Z] > command requires scopes: ["email","openid","https://www.googleapis.com/auth/cloudplatformprojects.readonly","https://www.googleapis.com/auth/firebase","https://www.googleapis.com/auth/cloud-platform"]
[debug] [2019-12-17T07:47:34.510Z] > authorizing via signed-in user
[debug] [2019-12-17T07:47:34.510Z] [iam] checking project hola-bella-adbaa for permissions ["cloudfunctions.functions.create","cloudfunctions.functions.delete","cloudfunctions.functions.get","cloudfunctions.functions.list","cloudfunctions.functions.update","cloudfunctions.operations.get","firebase.projects.get","firebasehosting.sites.update"]
[debug] [2019-12-17T07:47:34.511Z] >>> HTTP REQUEST POST https://cloudresourcemanager.googleapis.com/v1/projects/hola-bella-adbaa:testIamPermissions  

[debug] [2019-12-17T07:47:37.420Z] <<< HTTP RESPONSE 200
[debug] [2019-12-17T07:47:37.422Z] >>> HTTP REQUEST GET https://firebase.googleapis.com/v1beta1/projects/hola-bella-adbaa  
 
[debug] [2019-12-17T07:47:37.992Z] <<< HTTP RESPONSE 200
[info] 
[info] === Deploying to 'hola-bella-adbaa'...
[info] 
[info] i  deploying functions, hosting
[info] Running command: npm --prefix "$RESOURCE_DIR" run lint
